#
# There is insufficient memory for the Java Runtime Environment to continue.
# Native memory allocation (mmap) failed to map 536870912 bytes. Error detail: G1 virtual space
# Possible reasons:
#   The system is out of physical RAM or swap space
#   This process is running with CompressedOops enabled, and the Java Heap may be blocking the growth of the native heap
# Possible solutions:
#   Reduce memory load on the system
#   Increase physical memory or swap space
#   Check if swap backing store is full
#   Decrease Java heap size (-Xmx/-Xms)
#   Decrease number of Java threads
#   Decrease Java thread stack sizes (-Xss)
#   Set larger code cache with -XX:ReservedCodeCacheSize=
#   JVM is running with Zero Based Compressed Oops mode in which the Java heap is
#     placed in the first 32GB address space. The Java Heap base address is the
#     maximum limit for the native heap growth. Please use -XX:HeapBaseMinAddress
#     to set the Java Heap base and to place the Java Heap above 32GB virtual address.
# This output file may be truncated or incomplete.
#
#  Out of Memory Error (os_windows.cpp:3613), pid=5304, tid=24432
#
# JRE version:  (17.0.12+7) (build )
# Java VM: OpenJDK 64-Bit Server VM (17.0.12+7-LTS, mixed mode, sharing, tiered, compressed oops, compressed class ptrs, g1 gc, windows-amd64)
# No core dump will be written. Minidumps are not enabled by default on client versions of Windows
#

---------------  S U M M A R Y ------------

Command Line: -Dnet.bytebuddy.agent.attacher.dump= net.bytebuddy.agent.Attacher com.sun.tools.attach.VirtualMachine 18492 C:\Users\rc9sph\.gradle\caches\modules-2\files-2.1\net.bytebuddy\byte-buddy-agent\1.14.19\154da3a65b4f4a909d3e5bdec55d1b2b4cbb6ce1\byte-buddy-agent-1.14.19.jar false 

Host: AMD EPYC 7543 32-Core Processor                , 4 cores, 31G,  Windows 10 , 64 bit Build 19041 (10.0.19041.5915)
Time: Mon Aug 11 12:15:58 2025 India Standard Time elapsed time: 0.012688 seconds (0d 0h 0m 0s)

---------------  T H R E A D  ---------------

Current thread (0x000001edff3fe480):  JavaThread "Unknown thread" [_thread_in_vm, id=24432, stack(0x000000503c500000,0x000000503c600000)]

Stack: [0x000000503c500000,0x000000503c600000]
Native frames: (J=compiled Java code, j=interpreted, Vv=VM code, C=native code)
V  [jvm.dll+0x5e5a29]
V  [jvm.dll+0x79c4aa]
V  [jvm.dll+0x79df6e]
V  [jvm.dll+0x79e5d3]
V  [jvm.dll+0x24a19f]
V  [jvm.dll+0x5e2769]
V  [jvm.dll+0x5d723a]
V  [jvm.dll+0x30894b]
V  [jvm.dll+0x30fe16]
V  [jvm.dll+0x3606fe]
V  [jvm.dll+0x36093f]
V  [jvm.dll+0x2df9cc]
V  [jvm.dll+0x2e0924]
V  [jvm.dll+0x76deeb]
V  [jvm.dll+0x36e471]
V  [jvm.dll+0x74cca0]
V  [jvm.dll+0x3f1cfc]
V  [jvm.dll+0x3f3771]
C  [jli.dll+0x532f]
C  [ucrtbase.dll+0x21bb2]
C  [KERNEL32.DLL+0x17374]
C  [ntdll.dll+0x4cc91]


---------------  P R O C E S S  ---------------

Threads class SMR info:
_java_thread_list=0x00007ffa01a272d8, length=0, elements={
}

Java Threads: ( => current thread )

Other Threads:
  0x000001edff4a98a0 GCTaskThread "GC Thread#0" [stack: 0x000000503c600000,0x000000503c700000] [id=24204]
  0x000001edff4ae5a0 ConcurrentGCThread "G1 Main Marker" [stack: 0x000000503c700000,0x000000503c800000] [id=19172]
  0x000001edff4bc2e0 ConcurrentGCThread "G1 Conc#0" [stack: 0x000000503c800000,0x000000503c900000] [id=6704]

[error occurred during error reporting (printing all threads), id 0xc0000005, EXCEPTION_ACCESS_VIOLATION (0xc0000005) at pc=0x00007ffa01290067]

VM state: not at safepoint (not fully initialized)

VM Mutex/Monitor currently owned by a thread:  ([mutex/lock_event])
[0x000001edff3f9740] Heap_lock - owner thread: 0x000001edff3fe480

Heap address: 0x0000000600000000, size: 8192 MB, Compressed Oops mode: Zero based, Oop shift amount: 3

CDS archive(s) mapped at: [0x0000000000000000-0x0000000000000000-0x0000000000000000), size 0, SharedBaseAddress: 0x0000000800000000, ArchiveRelocationMode: 1.
Narrow klass base: 0x0000000000000000, Narrow klass shift: 0, Narrow klass range: 0x0

GC Precious Log:
<Empty>

Heap:
 garbage-first heap   total 0K, used 0K [0x0000000600000000, 0x0000000800000000)
  region size 4096K, 0 young (0K), 0 survivors (0K)

[error occurred during error reporting (printing heap information), id 0xc0000005, EXCEPTION_ACCESS_VIOLATION (0xc0000005) at pc=0x00007ffa015deda9]

GC Heap History (0 events):
No events

Dll operation events (1 events):
Event: 0.007 Loaded shared library C:\Program Files\Zulu\zulu-17\bin\java.dll

Deoptimization events (0 events):
No events

Classes loaded (0 events):
No events

Classes unloaded (0 events):
No events

Classes redefined (0 events):
No events

Internal exceptions (0 events):
No events

VM Operations (0 events):
No events

Events (0 events):
No events


Dynamic libraries:
0x00007ff672500000 - 0x00007ff67250e000 	C:\Program Files\Zulu\zulu-17\bin\java.exe
0x00007ffa5fa10000 - 0x00007ffa5fc08000 	C:\WINDOWS\SYSTEM32\ntdll.dll
0x00007ffa5e6c0000 - 0x00007ffa5e782000 	C:\WINDOWS\System32\KERNEL32.DLL
0x00007ffa5d180000 - 0x00007ffa5d476000 	C:\WINDOWS\System32\KERNELBASE.dll
0x00007ffa5d740000 - 0x00007ffa5d840000 	C:\WINDOWS\System32\ucrtbase.dll
0x00007ffa354f0000 - 0x00007ffa3550b000 	C:\Program Files\Zulu\zulu-17\bin\VCRUNTIME140.dll
0x00007ffa35510000 - 0x00007ffa35529000 	C:\Program Files\Zulu\zulu-17\bin\jli.dll
0x00007ffa4d160000 - 0x00007ffa4d3fa000 	C:\WINDOWS\WinSxS\amd64_microsoft.windows.common-controls_6595b64144ccf1df_6.0.19041.5915_none_60b4b9d171f9c7c7\COMCTL32.dll
0x00007ffa5f930000 - 0x00007ffa5f9ce000 	C:\WINDOWS\System32\msvcrt.dll
0x00007ffa5ea60000 - 0x00007ffa5ebfd000 	C:\WINDOWS\System32\USER32.dll
0x00007ffa5f7d0000 - 0x00007ffa5f7fb000 	C:\WINDOWS\System32\GDI32.dll
0x00007ffa5d680000 - 0x00007ffa5d6a2000 	C:\WINDOWS\System32\win32u.dll
0x00007ffa5d910000 - 0x00007ffa5da29000 	C:\WINDOWS\System32\gdi32full.dll
0x00007ffa5d480000 - 0x00007ffa5d51d000 	C:\WINDOWS\System32\msvcp_win.dll
0x00007ffa5ea30000 - 0x00007ffa5ea5f000 	C:\WINDOWS\System32\IMM32.DLL
0x00007ffa5cea0000 - 0x00007ffa5cedc000 	C:\WINDOWS\system32\vmwsci.dll
0x00007ffa5f800000 - 0x00007ffa5f808000 	C:\WINDOWS\System32\PSAPI.DLL
0x00007ffa2f320000 - 0x00007ffa2f32c000 	C:\Program Files\Zulu\zulu-17\bin\vcruntime140_1.dll
0x00007ffa00a60000 - 0x00007ffa00aed000 	C:\Program Files\Zulu\zulu-17\bin\msvcp140.dll
0x00007ffa00fa0000 - 0x00007ffa01b4f000 	C:\Program Files\Zulu\zulu-17\bin\server\jvm.dll
0x00007ffa5da30000 - 0x00007ffa5dae1000 	C:\WINDOWS\System32\ADVAPI32.dll
0x00007ffa5e090000 - 0x00007ffa5e12f000 	C:\WINDOWS\System32\sechost.dll
0x00007ffa5df60000 - 0x00007ffa5e083000 	C:\WINDOWS\System32\RPCRT4.dll
0x00007ffa5d150000 - 0x00007ffa5d177000 	C:\WINDOWS\System32\bcrypt.dll
0x00007ffa5e2f0000 - 0x00007ffa5e35b000 	C:\WINDOWS\System32\WS2_32.dll
0x00007ffa5cf00000 - 0x00007ffa5cf4b000 	C:\WINDOWS\SYSTEM32\POWRPROF.dll
0x00007ffa4e8b0000 - 0x00007ffa4e8d7000 	C:\WINDOWS\SYSTEM32\WINMM.dll
0x00007ffa5bc00000 - 0x00007ffa5bc0a000 	C:\WINDOWS\SYSTEM32\VERSION.dll
0x00007ffa5cee0000 - 0x00007ffa5cef2000 	C:\WINDOWS\SYSTEM32\UMPDC.dll
0x00007ffa5bb50000 - 0x00007ffa5bb62000 	C:\WINDOWS\SYSTEM32\kernel.appcore.dll
0x00007ffa4cfe0000 - 0x00007ffa4cfea000 	C:\Program Files\Zulu\zulu-17\bin\jimage.dll
0x00007ffa5a660000 - 0x00007ffa5a861000 	C:\WINDOWS\SYSTEM32\DBGHELP.DLL
0x00007ffa50330000 - 0x00007ffa50364000 	C:\WINDOWS\SYSTEM32\dbgcore.DLL
0x00007ffa5d6b0000 - 0x00007ffa5d732000 	C:\WINDOWS\System32\bcryptPrimitives.dll
0x00007ffa164c0000 - 0x00007ffa164e5000 	C:\Program Files\Zulu\zulu-17\bin\java.dll

dbghelp: loaded successfully - version: 4.0.5 - missing functions: none
symbol engine: initialized successfully - sym options: 0x614 - pdb path: .;C:\Program Files\Zulu\zulu-17\bin;C:\WINDOWS\SYSTEM32;C:\WINDOWS\WinSxS\amd64_microsoft.windows.common-controls_6595b64144ccf1df_6.0.19041.5915_none_60b4b9d171f9c7c7;C:\Program Files\Zulu\zulu-17\bin\server

VM Arguments:
jvm_args: -Dnet.bytebuddy.agent.attacher.dump= 
java_command: net.bytebuddy.agent.Attacher com.sun.tools.attach.VirtualMachine 18492 C:\Users\rc9sph\.gradle\caches\modules-2\files-2.1\net.bytebuddy\byte-buddy-agent\1.14.19\154da3a65b4f4a909d3e5bdec55d1b2b4cbb6ce1\byte-buddy-agent-1.14.19.jar false 
java_class_path (initial): C:\Users\rc9sph\.gradle\caches\modules-2\files-2.1\net.bytebuddy\byte-buddy-agent\1.14.19\154da3a65b4f4a909d3e5bdec55d1b2b4cbb6ce1\byte-buddy-agent-1.14.19.jar
Launcher Type: SUN_STANDARD

[Global flags]
     intx CICompilerCount                          = 3                                         {product} {ergonomic}
     uint ConcGCThreads                            = 1                                         {product} {ergonomic}
     uint G1ConcRefinementThreads                  = 4                                         {product} {ergonomic}
   size_t G1HeapRegionSize                         = 4194304                                   {product} {ergonomic}
    uintx GCDrainStackTargetSize                   = 64                                        {product} {ergonomic}
   size_t InitialHeapSize                          = 536870912                                 {product} {ergonomic}
   size_t MarkStackSize                            = 4194304                                   {product} {ergonomic}
   size_t MaxHeapSize                              = 8589934592                                {product} {ergonomic}
   size_t MinHeapDeltaBytes                        = 4194304                                   {product} {ergonomic}
   size_t MinHeapSize                              = 8388608                                   {product} {ergonomic}
    uintx NonNMethodCodeHeapSize                   = 5832780                                {pd product} {ergonomic}
    uintx NonProfiledCodeHeapSize                  = 122912730                              {pd product} {ergonomic}
    uintx ProfiledCodeHeapSize                     = 122912730                              {pd product} {ergonomic}
    uintx ReservedCodeCacheSize                    = 251658240                              {pd product} {ergonomic}
     bool SegmentedCodeCache                       = true                                      {product} {ergonomic}
   size_t SoftMaxHeapSize                          = 8589934592                             {manageable} {ergonomic}
     bool UseCompressedClassPointers               = true                           {product lp64_product} {ergonomic}
     bool UseCompressedOops                        = true                           {product lp64_product} {ergonomic}
     bool UseG1GC                                  = true                                      {product} {ergonomic}
     bool UseLargePagesIndividualAllocation        = false                                  {pd product} {ergonomic}

Logging:
Log output configuration:
 #0: stdout all=warning uptime,level,tags
 #1: stderr all=off uptime,level,tags

Environment Variables:
JAVA_HOME=C:\Program Files\Zulu\zulu-17
PATH=C:\Windows\System32;C:\WINDOWS\system32;C:\WINDOWS;C:\WINDOWS\System32\Wbem;C:\WINDOWS\System32\WindowsPowerShell\v1.0\;C:\WINDOWS\System32\OpenSSH\;C:\Users\rc9sph\Desktop\SWM\jdk-14.0.2+12-jre\bin;C:\Program Files (x86)\Pulse Secure\VC142.CRT\X64\;C:\Program Files (x86)\Pulse Secure\VC142.CRT\X86\;C:\WINDOWS\system32;C:\WINDOWS;C:\WINDOWS\System32\Wbem;C:\WINDOWS\System32\WindowsPowerShell\v1.0\;C:\WINDOWS\System32\OpenSSH\;C:\Program Files (x86)\sbt\bin;C:\Program Files\dotnet\;C:\Program Files\Zulu\zulu-17\bin;C:\Program Files\IcedTeaWeb\WebStart\bin;C:\Program Files\PuTTY\;C:\Program Files\Docker\Docker\resources\bin;C:\Program Files (x86)\Windows Kits\10\Windows Performance Toolkit\;C:\Program Files\nodejs\;C:\Program Files\Git\cmd;C:\Users\rc9sph\AppData\Local\Microsoft\WindowsApps;C:\Program Files\Zulu\zulu-17\bin;C:\Users\rc9sph\apache-maven-3.8.6\bin;C:\Program Files\Zulu\zulu-17\bin;C:\Users\rc9sph\Desktop\SWM\tcme_14620;C:\Users\rc9sph\Desktop\SWM\tcme_14620\bhm\org.jcef\libs;C:\Users\rc9sph\AppData\Local\Microsoft\WinGet\Packages\Schniz.fnm_Microsoft.Winget.Source_8wekyb3d8bbwe;C:\Users\rc9sph\AppData\Roaming\npm;C:\Users\rc9sph\AppData\Local\Programs\Microsoft VS Code\bin
USERNAME=rc9sph
OS=Windows_NT
PROCESSOR_IDENTIFIER=AMD64 Family 23 Model 49 Stepping 0, AuthenticAMD
TMP=C:\Users\rc9sph\AppData\Local\Temp
TEMP=C:\Users\rc9sph\AppData\Local\Temp



Periodic native trim disabled


---------------  S Y S T E M  ---------------

OS:
 Windows 10 , 64 bit Build 19041 (10.0.19041.5915)
OS uptime: 12 days 15:25 hours
Hyper-V role detected

CPU: total 4 (initial active 4) (2 cores per cpu, 1 threads per core) family 23 model 49 stepping 0 microcode 0x0, cx8, cmov, fxsr, mmx, 3dnowpref, sse, sse2, sse3, ssse3, sse4a, sse4.1, sse4.2, popcnt, lzcnt, tsc, tscinvbit, avx, avx2, aes, clmul, bmi1, bmi2, adx, fma, vzeroupper, clflush, clflushopt, hv
Processor Information for all 4 processors :
  Max Mhz: 2795, Current Mhz: 2795, Mhz Limit: 2795

Memory: 4k page, system-wide physical 32767M (4993M free)
TotalPageFile size 41983M (AvailPageFile size 321M)
current process WorkingSet (physical memory assigned to process): 11M, peak: 11M
current process commit charge ("private bytes"): 52M, peak: 564M

vm_info: OpenJDK 64-Bit Server VM (17.0.12+7-LTS) for windows-amd64 JRE (17.0.12+7-LTS) (Zulu17.52+18-SA), built on Jul  9 2024 22:26:26 by "zulu_re" with MS VC++ 16.10 / 16.11 (VS2019)

END.
